Network Configuration:
batch_size: 32
hidden_layer_structure: [200]
learning_rate: 0.01
keep_prob: 0.5
rnn_cell: <class 'tensorflow.python.ops.rnn_cell_impl.LSTMCell'>
lambda_w1: 0.0
lambda_w2: 0.0
lambda_o: 0.0
Num of problems: 111
Num of run: 1
Max num of run: 1
Keep Prob: 0.5
Epoch    1, Train AUC: 0.64615, Train Loss: 0.6128
Epoch    1, Test AUC: 0.70852, Test AUC Curr: 0.82454, Test Loss: 0.57882*
w_l1: 0.01861342646883305, w_l2: 0.029502691624294922
m1: 0.5106854677638412, m2: 0.03324487354295974. Saving the model
time used for this epoch: 88.38376474380493s
***********
The best testing result occured at: 0-th epoch, with testing AUC: 0.70852
*********************************
average AUC for 1 runs: 0.7085246098568505
average AUC Current for 1 runs: 0.8245400066016775
average waviness-l1 for 1 runs: 0.01861342646883305
average waviness-l2 for 1 runs: 0.029502691624294922
average consistency_m1 for 1 runs: 0.5106854677638412
average consistency_m1 for 1 runs: 0.03324487354295974
latex: 
cell_type & num. layer & layer_structure & learning rate & keep prob. & $\lambda_o$ & $\lambda_{w_1}$ & $\lambda_{w_2}$ & Avg. AUC(N) & Avg. AUC(C) & Avg. $w_1$ & Avg. $w_2$ & Avg. $m_1$ & Avg. $m_2$\\ 
LSTM & 1 & 200 & 0.0100 & 0.5000 & 0.0000 & 0.0000 & 0.0000 & 0.7085246098568505 $\pm$ 0.0 & 0.8245400066016775 $\pm$ 0.0 & 0.01861342646883305 $\pm$ 0.0 & 0.029502691624294922 $\pm$ 0.0 & 0.5106854677638412 $\pm$ 0.0 & 0.03324487354295974 $\pm$ 0.0\\ 

