Network Configuration:
batch_size: 32
hidden_layer_structure: [200]
learning_rate: 0.01
keep_prob: 0.5
rnn_cell: <class 'tensorflow.python.ops.rnn_cell_impl.LSTMCell'>
lambda_w1: 0.0
lambda_w2: 0.0
lambda_o: 0.0
Num of problems: 238
Num of run: 1
Max num of run: 1
Keep Prob: 0.5
Epoch    1, Train AUC: 0.68636, Train Loss: 0.61324
Epoch    1, Test AUC: 0.74994, Test AUC Curr: 0.7562, Test Loss: 0.57077*
w_l1: 0.009940207443860182, w_l2: 0.01470360688180635
m1: -0.238871258255425, m2: -0.007929625205571443. Saving the model
time used for this epoch: 20.11029815673828s
***********
The best testing result occured at: 0-th epoch, with testing AUC: 0.74994
*********************************
average AUC for 1 runs: 0.749942663707815
average AUC Current for 1 runs: 0.7561975831852047
average waviness-l1 for 1 runs: 0.009940207443860182
average waviness-l2 for 1 runs: 0.01470360688180635
average consistency_m1 for 1 runs: -0.238871258255425
average consistency_m1 for 1 runs: -0.007929625205571443
latex: 
cell_type & num. layer & layer_structure & learning rate & keep prob. & $\lambda_o$ & $\lambda_{w_1}$ & $\lambda_{w_2}$ & Avg. AUC(N) & Avg. AUC(C) & Avg. $w_1$ & Avg. $w_2$ & Avg. $m_1$ & Avg. $m_2$\\ 
LSTM & 1 & 200 & 0.0100 & 0.5000 & 0.0000 & 0.0000 & 0.0000 & 0.749942663707815 $\pm$ 0.0 & 0.7561975831852047 $\pm$ 0.0 & 0.009940207443860182 $\pm$ 0.0 & 0.01470360688180635 $\pm$ 0.0 & -0.238871258255425 $\pm$ 0.0 & -0.007929625205571443 $\pm$ 0.0\\ 

