Network Configuration:
batch_size: 32
hidden_layer_structure: [200]
learning_rate: 0.01
keep_prob: 0.5
rnn_cell: <class 'tensorflow.python.ops.rnn_cell_impl.LSTMCell'>
lambda_w1: 0.0
lambda_w2: 0.0
lambda_o: 0.0
Num of problems: 238
Num of run: 1
Max num of run: 1
Keep Prob: 0.5
Epoch    1, Train AUC: 0.69112, Train Loss: 0.6108
Epoch    1, Test AUC: 0.7515, Test AUC Curr: 0.75739, Test Loss: 0.56989*
w_l1: 0.011318961351227903, w_l2: 0.016695118766227684
m1: -0.26521714269377017, m2: -0.00924340796043933. Saving the model
time used for this epoch: 17.726057529449463s
***********
The best testing result occured at: 0-th epoch, with testing AUC: 0.7515
*********************************
average AUC for 1 runs: 0.7515024086473514
average AUC Current for 1 runs: 0.7573888733559759
average waviness-l1 for 1 runs: 0.011318961351227903
average waviness-l2 for 1 runs: 0.016695118766227684
average consistency_m1 for 1 runs: -0.26521714269377017
average consistency_m1 for 1 runs: -0.00924340796043933
latex: 
cell_type & num. layer & layer_structure & learning rate & keep prob. & $\lambda_o$ & $\lambda_{w_1}$ & $\lambda_{w_2}$ & Avg. AUC(N) & Avg. AUC(C) & Avg. $w_1$ & Avg. $w_2$ & Avg. $m_1$ & Avg. $m_2$\\ 
LSTM & 1 & 200 & 0.0100 & 0.5000 & 0.0000 & 0.0000 & 0.0000 & 0.7515024086473514 $\pm$ 0.0 & 0.7573888733559759 $\pm$ 0.0 & 0.011318961351227903 $\pm$ 0.0 & 0.016695118766227684 $\pm$ 0.0 & -0.26521714269377017 $\pm$ 0.0 & -0.00924340796043933 $\pm$ 0.0\\ 

