Network Configuration:
batch_size: 32
hidden_layer_structure: [200]
learning_rate: 0.01
keep_prob: 0.5
rnn_cell: <class 'tensorflow.python.ops.rnn_cell_impl.LSTMCell'>
lambda_w1: 0.0
lambda_w2: 0.0
lambda_o: 0.0
Num of problems: 238
Num of run: 1
Max num of run: 1
Keep Prob: 0.5
Epoch    1, Train AUC: 0.68973, Train Loss: 0.61173
Epoch    1, Test AUC: 0.74979, Test AUC Curr: 0.75685, Test Loss: 0.56856*
w_l1: 0.010539940769054111, w_l2: 0.015589027053155985
m1: -0.25039311547588416, m2: -0.006928065830654368. Saving the model
time used for this epoch: 19.71908664703369s
***********
The best testing result occured at: 0-th epoch, with testing AUC: 0.74979
*********************************
average AUC for 1 runs: 0.7497879295179191
average AUC Current for 1 runs: 0.7568454531476465
average waviness-l1 for 1 runs: 0.010539940769054111
average waviness-l2 for 1 runs: 0.015589027053155985
average consistency_m1 for 1 runs: -0.25039311547588416
average consistency_m1 for 1 runs: -0.006928065830654368
latex: 
cell_type & num. layer & layer_structure & learning rate & keep prob. & $\lambda_o$ & $\lambda_{w_1}$ & $\lambda_{w_2}$ & Avg. AUC(N) & Avg. AUC(C) & Avg. $w_1$ & Avg. $w_2$ & Avg. $m_1$ & Avg. $m_2$\\ 
LSTM & 1 & 200 & 0.0100 & 0.5000 & 0.0000 & 0.0000 & 0.0000 & 0.7497879295179191 $\pm$ 0.0 & 0.7568454531476465 $\pm$ 0.0 & 0.010539940769054111 $\pm$ 0.0 & 0.015589027053155985 $\pm$ 0.0 & -0.25039311547588416 $\pm$ 0.0 & -0.006928065830654368 $\pm$ 0.0\\ 

