Network Configuration:
batch_size: 32
hidden_layer_structure: [200]
learning_rate: 0.01
keep_prob: 0.5
rnn_cell: <class 'tensorflow.python.ops.rnn_cell_impl.LSTMCell'>
lambda_w1: 0.0
lambda_w2: 0.0
lambda_o: 0.0
Num of problems: 238
Num of run: 1
Max num of run: 1
Keep Prob: 0.5
Epoch    1, Train AUC: 0.68673, Train Loss: 0.61228
Epoch    1, Test AUC: 0.7458, Test AUC Curr: 0.75181, Test Loss: 0.57233*
w_l1: 0.010356021422163296, w_l2: 0.015301653506084029
m1: -0.26760442576550303, m2: -0.008704674252617962. Saving the model
time used for this epoch: 19.974796056747437s
***********
The best testing result occured at: 0-th epoch, with testing AUC: 0.7458
*********************************
average AUC for 1 runs: 0.7458031248756934
average AUC Current for 1 runs: 0.7518103205606269
average waviness-l1 for 1 runs: 0.010356021422163296
average waviness-l2 for 1 runs: 0.015301653506084029
average consistency_m1 for 1 runs: -0.26760442576550303
average consistency_m1 for 1 runs: -0.008704674252617962
latex: 
cell_type & num. layer & layer_structure & learning rate & keep prob. & $\lambda_o$ & $\lambda_{w_1}$ & $\lambda_{w_2}$ & Avg. AUC(N) & Avg. AUC(C) & Avg. $w_1$ & Avg. $w_2$ & Avg. $m_1$ & Avg. $m_2$\\ 
LSTM & 1 & 200 & 0.0100 & 0.5000 & 0.0000 & 0.0000 & 0.0000 & 0.7458031248756934 $\pm$ 0.0 & 0.7518103205606269 $\pm$ 0.0 & 0.010356021422163296 $\pm$ 0.0 & 0.015301653506084029 $\pm$ 0.0 & -0.26760442576550303 $\pm$ 0.0 & -0.008704674252617962 $\pm$ 0.0\\ 

