Network Configuration:
batch_size: 32
hidden_layer_structure: [200]
learning_rate: 0.01
keep_prob: 0.5
rnn_cell: <class 'tensorflow.python.ops.rnn_cell_impl.LSTMCell'>
lambda_w1: 0.0
lambda_w2: 0.0
lambda_o: 0.0
Num of problems: 238
Num of run: 1
Max num of run: 1
Keep Prob: 0.5
Epoch    1, Train AUC: 0.689, Train Loss: 0.61092
Epoch    1, Test AUC: 0.74869, Test AUC Curr: 0.75213, Test Loss: 0.57126*
w_l1: 0.011606128730259187, w_l2: 0.01716290389007708
m1: -0.2409583440546645, m2: -0.008956080380825378. Saving the model
time used for this epoch: 19.91038990020752s
***********
The best testing result occured at: 0-th epoch, with testing AUC: 0.74869
*********************************
average AUC for 1 runs: 0.7486912941518806
average AUC Current for 1 runs: 0.7521313444793447
average waviness-l1 for 1 runs: 0.011606128730259187
average waviness-l2 for 1 runs: 0.01716290389007708
average consistency_m1 for 1 runs: -0.2409583440546645
average consistency_m1 for 1 runs: -0.008956080380825378
latex: 
cell_type & num. layer & layer_structure & learning rate & keep prob. & $\lambda_o$ & $\lambda_{w_1}$ & $\lambda_{w_2}$ & Avg. AUC(N) & Avg. AUC(C) & Avg. $w_1$ & Avg. $w_2$ & Avg. $m_1$ & Avg. $m_2$\\ 
LSTM & 1 & 200 & 0.0100 & 0.5000 & 0.0000 & 0.0000 & 0.0000 & 0.7486912941518806 $\pm$ 0.0 & 0.7521313444793447 $\pm$ 0.0 & 0.011606128730259187 $\pm$ 0.0 & 0.01716290389007708 $\pm$ 0.0 & -0.2409583440546645 $\pm$ 0.0 & -0.008956080380825378 $\pm$ 0.0\\ 

No model found at /home/thales/deep-knowledge-tracing-plus/data/errex/checkpoints/n200.lo0.0.lw10.0.lw20.0/run_0/LSTM-200/LSTM-200
