Network Configuration:
batch_size: 32
hidden_layer_structure: [200]
learning_rate: 0.01
keep_prob: 0.5
rnn_cell: <class 'tensorflow.python.ops.rnn_cell_impl.LSTMCell'>
lambda_w1: 0.0
lambda_w2: 0.0
lambda_o: 0.0
Num of problems: 238
Num of run: 1
Max num of run: 1
Keep Prob: 0.5
Epoch    1, Train AUC: 0.69073, Train Loss: 0.60989
Epoch    1, Test AUC: 0.75266, Test AUC Curr: 0.75768, Test Loss: 0.56775*
w_l1: 0.010447988597724103, w_l2: 0.015960813107848658
m1: -0.2631729422191726, m2: -0.007153693236712885. Saving the model
time used for this epoch: 20.014167070388794s
***********
The best testing result occured at: 0-th epoch, with testing AUC: 0.75266
*********************************
average AUC for 1 runs: 0.7526637579262379
average AUC Current for 1 runs: 0.7576762892170579
average waviness-l1 for 1 runs: 0.010447988597724103
average waviness-l2 for 1 runs: 0.015960813107848658
average consistency_m1 for 1 runs: -0.2631729422191726
average consistency_m1 for 1 runs: -0.007153693236712885
latex: 
cell_type & num. layer & layer_structure & learning rate & keep prob. & $\lambda_o$ & $\lambda_{w_1}$ & $\lambda_{w_2}$ & Avg. AUC(N) & Avg. AUC(C) & Avg. $w_1$ & Avg. $w_2$ & Avg. $m_1$ & Avg. $m_2$\\ 
LSTM & 1 & 200 & 0.0100 & 0.5000 & 0.0000 & 0.0000 & 0.0000 & 0.7526637579262379 $\pm$ 0.0 & 0.7576762892170579 $\pm$ 0.0 & 0.010447988597724103 $\pm$ 0.0 & 0.015960813107848658 $\pm$ 0.0 & -0.2631729422191726 $\pm$ 0.0 & -0.007153693236712885 $\pm$ 0.0\\ 

